<?xml version="1.0" encoding="UTF-8"?>
<testng-results skipped="0" failed="0" ignored="0" total="1" passed="1">
  <reporter-output>
  </reporter-output>
  <suite name="Practice Suite" duration-ms="16022" started-at="2021-09-08T07:56:50 IST" finished-at="2021-09-08T07:57:06 IST">
    <groups>
    </groups>
    <test name="Test Basics 1" duration-ms="16022" started-at="2021-09-08T07:56:50 IST" finished-at="2021-09-08T07:57:06 IST">
      <class name="selenium.Day1">
        <test-method status="PASS" signature="Start()[pri:0, instance:selenium.Day1@27c20538]" name="Start" duration-ms="15989" started-at="2021-09-08T07:56:50 IST" finished-at="2021-09-08T07:57:06 IST">
          <reporter-output>
          </reporter-output>
        </test-method> <!-- Start -->
      </class> <!-- selenium.Day1 -->
    </test> <!-- Test Basics 1 -->
  </suite> <!-- Practice Suite -->
</testng-results>
